2017/05/20 22:40:31 [INFO] Terraform version: 0.9.5  
2017/05/20 22:40:31 [INFO] Go runtime version: go1.8.1
2017/05/20 22:40:31 [INFO] CLI args: []string{"/Users/johan/.brew/Cellar/terraform/0.9.5/bin/terraform", "apply", ".plan"}
2017/05/20 22:40:31 [DEBUG] Detected home directory from env var: /Users/johan
2017/05/20 22:40:31 [DEBUG] Detected home directory from env var: /Users/johan
2017/05/20 22:40:31 [DEBUG] Attempting to open CLI config file: /Users/johan/.terraformrc
2017/05/20 22:40:31 [DEBUG] File doesn't exist, but doesn't need to. Ignoring.
2017/05/20 22:40:31 [INFO] CLI command args: []string{"apply", ".plan"}
2017/05/20 22:40:31 [DEBUG] Detected home directory from env var: /Users/johan
2017/05/20 22:40:31 [INFO] command: initializing local backend from plan (not set)
2017/05/20 22:40:31 [TRACE] Preserving existing state lineage "182c4704-af42-4d01-984f-b1308754e0fb"
2017/05/20 22:40:31 [TRACE] Preserving existing state lineage "182c4704-af42-4d01-984f-b1308754e0fb"
2017/05/20 22:40:31 [TRACE] Preserving existing state lineage "182c4704-af42-4d01-984f-b1308754e0fb"
2017/05/20 22:40:31 [TRACE] Preserving existing state lineage "182c4704-af42-4d01-984f-b1308754e0fb"
2017/05/20 22:40:31 [INFO] command: backend initialized: *local.Local
2017/05/20 22:40:31 [INFO] backend/local: starting Apply operation
2017/05/20 22:40:31 [INFO] terraform: building graph: GraphTypeApply
2017/05/20 22:40:31 [TRACE] DiffTransformer: starting
2017/05/20 22:40:31 [TRACE] DiffTransformer: Module: CREATE: vsphere_virtual_machine.ubuntu_xenial
  datacenter:                             "" => "ha-datacenter" (forces new resource)
  detach_unknown_disks_on_delete:         "" => "false"
  disk.#:                                 "" => "1"
  disk.3887654599.bootable:               "" => "true"
  disk.3887654599.controller_type:        "" => "scsi"
  disk.3887654599.datastore:              "" => "VM"
  disk.3887654599.iops:                   "" => ""
  disk.3887654599.keep_on_remove:         "" => ""
  disk.3887654599.key:                    "" => "<computed>"
  disk.3887654599.name:                   "" => ""
  disk.3887654599.size:                   "" => ""
  disk.3887654599.template:               "" => ""
  disk.3887654599.type:                   "" => "thin"
  disk.3887654599.uuid:                   "" => "<computed>"
  disk.3887654599.vmdk:                   "" => "ubuntu_xenial.vmdk"
  domain:                                 "" => "vsphere.local" (forces new resource)
  enable_disk_uuid:                       "" => "false" (forces new resource)
  linked_clone:                           "" => "false" (forces new resource)
  memory:                                 "" => "1024"
  memory_reservation:                     "" => "0" (forces new resource)
  name:                                   "" => "ubuntu_xenial" (forces new resource)
  network_interface.#:                    "" => "1" (forces new resource)
  network_interface.0.ip_address:         "" => "<computed>"
  network_interface.0.ipv4_address:       "" => "10.20.30.40"
  network_interface.0.ipv4_gateway:       "" => "<computed>"
  network_interface.0.ipv4_prefix_length: "" => "24"
  network_interface.0.ipv6_address:       "" => "<computed>"
  network_interface.0.ipv6_gateway:       "" => "<computed>"
  network_interface.0.ipv6_prefix_length: "" => "<computed>"
  network_interface.0.label:              "" => "VM Network" (forces new resource)
  network_interface.0.mac_address:        "" => "<computed>"
  network_interface.0.subnet_mask:        "" => "<computed>"
  skip_customization:                     "" => "false" (forces new resource)
  time_zone:                              "" => "Etc/UTC" (forces new resource)
  uuid:                                   "" => "<computed>"
  vcpu:                                   "" => "2"
2017/05/20 22:40:31 [TRACE] DiffTransformer: Resource "vsphere_virtual_machine.ubuntu_xenial": *terraform.InstanceDiff{mu:sync.Mutex{state:0, sema:0x0}, Attributes:map[string]*terraform.ResourceAttrDiff{"network_interface.0.ipv6_gateway":*terraform.ResourceAttrDiff{Old:"", New:"", NewComputed:true, NewRemoved:false, NewExtra:interface {}(nil), RequiresNew:false, Sensitive:false, Type:0x0}, "datacenter":*terraform.ResourceAttrDiff{Old:"", New:"ha-datacenter", NewComputed:false, NewRemoved:false, NewExtra:interface {}(nil), RequiresNew:true, Sensitive:false, Type:0x0}, "enable_disk_uuid":*terraform.ResourceAttrDiff{Old:"", New:"false", NewComputed:false, NewRemoved:false, NewExtra:interface {}(nil), RequiresNew:true, Sensitive:false, Type:0x0}, "disk.3887654599.template":*terraform.ResourceAttrDiff{Old:"", New:"", NewComputed:false, NewRemoved:false, NewExtra:interface {}(nil), RequiresNew:false, Sensitive:false, Type:0x0}, "memory_reservation":*terraform.ResourceAttrDiff{Old:"", New:"0", NewComputed:false, NewRemoved:false, NewExtra:interface {}(nil), RequiresNew:true, Sensitive:false, Type:0x0}, "network_interface.0.subnet_mask":*terraform.ResourceAttrDiff{Old:"", New:"", NewComputed:true, NewRemoved:false, NewExtra:interface {}(nil), RequiresNew:false, Sensitive:false, Type:0x0}, "disk.3887654599.name":*terraform.ResourceAttrDiff{Old:"", New:"", NewComputed:false, NewRemoved:false, NewExtra:interface {}(nil), RequiresNew:false, Sensitive:false, Type:0x0}, "disk.3887654599.iops":*terraform.ResourceAttrDiff{Old:"", New:"", NewComputed:false, NewRemoved:false, NewExtra:interface {}(nil), RequiresNew:false, Sensitive:false, Type:0x0}, "disk.3887654599.keep_on_remove":*terraform.ResourceAttrDiff{Old:"", New:"", NewComputed:false, NewRemoved:false, NewExtra:interface {}(nil), RequiresNew:false, Sensitive:false, Type:0x0}, "network_interface.0.mac_address":*terraform.ResourceAttrDiff{Old:"", New:"", NewComputed:true, NewRemoved:false, NewExtra:interface {}(nil), RequiresNew:false, Sensitive:false, Type:0x0}, "network_interface.#":*terraform.ResourceAttrDiff{Old:"", New:"1", NewComputed:false, NewRemoved:false, NewExtra:interface {}(nil), RequiresNew:true, Sensitive:false, Type:0x0}, "linked_clone":*terraform.ResourceAttrDiff{Old:"", New:"false", NewComputed:false, NewRemoved:false, NewExtra:interface {}(nil), RequiresNew:true, Sensitive:false, Type:0x0}, "disk.3887654599.controller_type":*terraform.ResourceAttrDiff{Old:"", New:"scsi", NewComputed:false, NewRemoved:false, NewExtra:interface {}(nil), RequiresNew:false, Sensitive:false, Type:0x0}, "network_interface.0.ipv6_address":*terraform.ResourceAttrDiff{Old:"", New:"", NewComputed:true, NewRemoved:false, NewExtra:interface {}(nil), RequiresNew:false, Sensitive:false, Type:0x0}, "disk.3887654599.key":*terraform.ResourceAttrDiff{Old:"", New:"", NewComputed:true, NewRemoved:false, NewExtra:interface {}(nil), RequiresNew:false, Sensitive:false, Type:0x0}, "network_interface.0.ip_address":*terraform.ResourceAttrDiff{Old:"", New:"", NewComputed:true, NewRemoved:false, NewExtra:interface {}(nil), RequiresNew:false, Sensitive:false, Type:0x0}, "disk.3887654599.uuid":*terraform.ResourceAttrDiff{Old:"", New:"", NewComputed:true, NewRemoved:false, NewExtra:interface {}(nil), RequiresNew:false, Sensitive:false, Type:0x0}, "disk.3887654599.size":*terraform.ResourceAttrDiff{Old:"", New:"", NewComputed:false, NewRemoved:false, NewExtra:interface {}(nil), RequiresNew:false, Sensitive:false, Type:0x0}, "disk.3887654599.bootable":*terraform.ResourceAttrDiff{Old:"", New:"true", NewComputed:false, NewRemoved:false, NewExtra:interface {}(nil), RequiresNew:false, Sensitive:false, Type:0x0}, "domain":*terraform.ResourceAttrDiff{Old:"", New:"vsphere.local", NewComputed:false, NewRemoved:false, NewExtra:interface {}(nil), RequiresNew:true, Sensitive:false, Type:0x0}, "name":*terraform.ResourceAttrDiff{Old:"", New:"ubuntu_xenial", NewComputed:false, NewRemoved:false, NewExtra:interface {}(nil), RequiresNew:true, Sensitive:false, Type:0x0}, "disk.3887654599.datastore":*terraform.ResourceAttrDiff{Old:"", New:"VM", NewComputed:false, NewRemoved:false, NewExtra:interface {}(nil), RequiresNew:false, Sensitive:false, Type:0x0}, "network_interface.0.ipv6_prefix_length":*terraform.ResourceAttrDiff{Old:"", New:"", NewComputed:true, NewRemoved:false, NewExtra:interface {}(nil), RequiresNew:false, Sensitive:false, Type:0x0}, "disk.3887654599.vmdk":*terraform.ResourceAttrDiff{Old:"", New:"ubuntu_xenial.vmdk", NewComputed:false, NewRemoved:false, NewExtra:interface {}(nil), RequiresNew:false, Sensitive:false, Type:0x0}, "network_interface.0.label":*terraform.ResourceAttrDiff{Old:"", New:"VM Network", NewComputed:false, NewRemoved:false, NewExtra:interface {}(nil), RequiresNew:true, Sensitive:false, Type:0x0}, "network_interface.0.ipv4_prefix_length":*terraform.ResourceAttrDiff{Old:"", New:"24", NewComputed:false, NewRemoved:false, NewExtra:interface {}(nil), RequiresNew:false, Sensitive:false, Type:0x0}, "skip_customization":*terraform.ResourceAttrDiff{Old:"", New:"false", NewComputed:false, NewRemoved:false, NewExtra:interface {}(nil), RequiresNew:true, Sensitive:false, Type:0x0}, "uuid":*terraform.ResourceAttrDiff{Old:"", New:"", NewComputed:true, NewRemoved:false, NewExtra:interface {}(nil), RequiresNew:false, Sensitive:false, Type:0x0}, "id":*terraform.ResourceAttrDiff{Old:"", New:"", NewComputed:true, NewRemoved:false, NewExtra:interface {}(nil), RequiresNew:true, Sensitive:false, Type:0x2}, "vcpu":*terraform.ResourceAttrDiff{Old:"", New:"2", NewComputed:false, NewRemoved:false, NewExtra:interface {}(nil), RequiresNew:false, Sensitive:false, Type:0x0}, "network_interface.0.ipv4_gateway":*terraform.ResourceAttrDiff{Old:"", New:"", NewComputed:true, NewRemoved:false, NewExtra:interface {}(nil), RequiresNew:false, Sensitive:false, Type:0x0}, "disk.3887654599.type":*terraform.ResourceAttrDiff{Old:"", New:"thin", NewComputed:false, NewRemoved:false, NewExtra:interface {}(nil), RequiresNew:false, Sensitive:false, Type:0x0}, "network_interface.0.ipv4_address":*terraform.ResourceAttrDiff{Old:"", New:"10.20.30.40", NewComputed:false, NewRemoved:false, NewExtra:interface {}(nil), RequiresNew:false, Sensitive:false, Type:0x0}, "memory":*terraform.ResourceAttrDiff{Old:"", New:"1024", NewComputed:false, NewRemoved:false, NewExtra:interface {}(nil), RequiresNew:false, Sensitive:false, Type:0x0}, "detach_unknown_disks_on_delete":*terraform.ResourceAttrDiff{Old:"", New:"false", NewComputed:false, NewRemoved:false, NewExtra:interface {}(nil), RequiresNew:false, Sensitive:false, Type:0x0}, "time_zone":*terraform.ResourceAttrDiff{Old:"", New:"Etc/UTC", NewComputed:false, NewRemoved:false, NewExtra:interface {}(nil), RequiresNew:true, Sensitive:false, Type:0x0}, "disk.#":*terraform.ResourceAttrDiff{Old:"", New:"1", NewComputed:false, NewRemoved:false, NewExtra:interface {}(nil), RequiresNew:false, Sensitive:false, Type:0x0}}, Destroy:false, DestroyDeposed:false, DestroyTainted:false, Meta:map[string]interface {}(nil)}
2017/05/20 22:40:31 [TRACE] Graph after step *terraform.DiffTransformer:

vsphere_virtual_machine.ubuntu_xenial - *terraform.NodeApplyableResource
2017/05/20 22:40:31 [TRACE] Graph after step *terraform.OrphanOutputTransformer:

vsphere_virtual_machine.ubuntu_xenial - *terraform.NodeApplyableResource
2017/05/20 22:40:31 [TRACE] AttachResourceConfigTransformer: Beginning...
2017/05/20 22:40:31 [TRACE] AttachResourceConfigTransformer: Attach resource config request: vsphere_virtual_machine.ubuntu_xenial
2017/05/20 22:40:31 [TRACE] Attaching resource config: &config.Resource{Mode:0, Name:"ubuntu_xenial", Type:"vsphere_virtual_machine", RawCount:(*config.RawConfig)(0xc42001ab40), RawConfig:(*config.RawConfig)(0xc42001af00), Provisioners:[]*config.Provisioner(nil), Provider:"", DependsOn:[]string(nil), Lifecycle:config.ResourceLifecycle{CreateBeforeDestroy:false, PreventDestroy:false, IgnoreChanges:[]string(nil)}}
2017/05/20 22:40:31 [TRACE] Graph after step *terraform.AttachResourceConfigTransformer:

vsphere_virtual_machine.ubuntu_xenial - *terraform.NodeApplyableResource
2017/05/20 22:40:31 [DEBUG] Resource state not found for "vsphere_virtual_machine.ubuntu_xenial": vsphere_virtual_machine.ubuntu_xenial
2017/05/20 22:40:31 [TRACE] Graph after step *terraform.AttachStateTransformer:

vsphere_virtual_machine.ubuntu_xenial - *terraform.NodeApplyableResource
2017/05/20 22:40:31 [TRACE] Graph after step *terraform.MissingProviderTransformer:

provider.vsphere - *terraform.NodeApplyableProvider
vsphere_virtual_machine.ubuntu_xenial - *terraform.NodeApplyableResource
2017/05/20 22:40:31 [TRACE] Graph after step *terraform.ProviderTransformer:

provider.vsphere - *terraform.NodeApplyableProvider
vsphere_virtual_machine.ubuntu_xenial - *terraform.NodeApplyableResource
  provider.vsphere - *terraform.NodeApplyableProvider
2017/05/20 22:40:31 [TRACE] Graph after step *terraform.DisableProviderTransformer:

provider.vsphere - *terraform.NodeApplyableProvider
vsphere_virtual_machine.ubuntu_xenial - *terraform.NodeApplyableResource
  provider.vsphere - *terraform.NodeApplyableProvider
2017/05/20 22:40:31 [TRACE] Graph after step *terraform.ParentProviderTransformer:

provider.vsphere - *terraform.NodeApplyableProvider
vsphere_virtual_machine.ubuntu_xenial - *terraform.NodeApplyableResource
  provider.vsphere - *terraform.NodeApplyableProvider
2017/05/20 22:40:31 [TRACE] Attach provider request: []string{} vsphere
2017/05/20 22:40:31 [TRACE] Attaching provider config: *config.ProviderConfig{Name:"vsphere", Alias:"", RawConfig:(*config.RawConfig)(0xc420384ea0)}
2017/05/20 22:40:31 [TRACE] Graph after step *terraform.AttachProviderConfigTransformer:

provider.vsphere - *terraform.NodeApplyableProvider
vsphere_virtual_machine.ubuntu_xenial - *terraform.NodeApplyableResource
  provider.vsphere - *terraform.NodeApplyableProvider
2017/05/20 22:40:31 [TRACE] DestroyEdgeTransformer: Beginning destroy edge transformation...
2017/05/20 22:40:31 [TRACE] Graph after step *terraform.DestroyEdgeTransformer:

provider.vsphere - *terraform.NodeApplyableProvider
vsphere_virtual_machine.ubuntu_xenial - *terraform.NodeApplyableResource
  provider.vsphere - *terraform.NodeApplyableProvider
2017/05/20 22:40:31 [TRACE] CBDEdgeTransformer: Beginning CBD transformation...
2017/05/20 22:40:31 [TRACE] Graph after step *terraform.CBDEdgeTransformer:

provider.vsphere - *terraform.NodeApplyableProvider
vsphere_virtual_machine.ubuntu_xenial - *terraform.NodeApplyableResource
  provider.vsphere - *terraform.NodeApplyableProvider
2017/05/20 22:40:31 [TRACE] Graph after step *terraform.MissingProvisionerTransformer:

provider.vsphere - *terraform.NodeApplyableProvider
vsphere_virtual_machine.ubuntu_xenial - *terraform.NodeApplyableResource
  provider.vsphere - *terraform.NodeApplyableProvider
2017/05/20 22:40:31 [TRACE] Graph after step *terraform.ProvisionerTransformer:

provider.vsphere - *terraform.NodeApplyableProvider
vsphere_virtual_machine.ubuntu_xenial - *terraform.NodeApplyableResource
  provider.vsphere - *terraform.NodeApplyableProvider
2017/05/20 22:40:31 [TRACE] Graph after step *terraform.RootVariableTransformer:

provider.vsphere - *terraform.NodeApplyableProvider
var.datacenter - *terraform.NodeRootVariable
var.vsphere_password - *terraform.NodeRootVariable
var.vsphere_server - *terraform.NodeRootVariable
var.vsphere_user - *terraform.NodeRootVariable
vsphere_virtual_machine.ubuntu_xenial - *terraform.NodeApplyableResource
  provider.vsphere - *terraform.NodeApplyableProvider
2017/05/20 22:40:31 [TRACE] Graph after step *terraform.OutputTransformer:

provider.vsphere - *terraform.NodeApplyableProvider
var.datacenter - *terraform.NodeRootVariable
var.vsphere_password - *terraform.NodeRootVariable
var.vsphere_server - *terraform.NodeRootVariable
var.vsphere_user - *terraform.NodeRootVariable
vsphere_virtual_machine.ubuntu_xenial - *terraform.NodeApplyableResource
  provider.vsphere - *terraform.NodeApplyableProvider
2017/05/20 22:40:31 [TRACE] Graph after step *terraform.ModuleVariableTransformer:

provider.vsphere - *terraform.NodeApplyableProvider
var.datacenter - *terraform.NodeRootVariable
var.vsphere_password - *terraform.NodeRootVariable
var.vsphere_server - *terraform.NodeRootVariable
var.vsphere_user - *terraform.NodeRootVariable
vsphere_virtual_machine.ubuntu_xenial - *terraform.NodeApplyableResource
  provider.vsphere - *terraform.NodeApplyableProvider
2017/05/20 22:40:31 [DEBUG] ReferenceTransformer: "var.datacenter" references: []
2017/05/20 22:40:31 [DEBUG] ReferenceTransformer: "vsphere_virtual_machine.ubuntu_xenial" references: [var.datacenter]
2017/05/20 22:40:31 [DEBUG] ReferenceTransformer: "provider.vsphere" references: [var.vsphere_user var.vsphere_password var.vsphere_server]
2017/05/20 22:40:31 [DEBUG] ReferenceTransformer: "var.vsphere_user" references: []
2017/05/20 22:40:31 [DEBUG] ReferenceTransformer: "var.vsphere_password" references: []
2017/05/20 22:40:31 [DEBUG] ReferenceTransformer: "var.vsphere_server" references: []
2017/05/20 22:40:31 [TRACE] Graph after step *terraform.ReferenceTransformer:

provider.vsphere - *terraform.NodeApplyableProvider
  var.vsphere_password - *terraform.NodeRootVariable
  var.vsphere_server - *terraform.NodeRootVariable
  var.vsphere_user - *terraform.NodeRootVariable
var.datacenter - *terraform.NodeRootVariable
var.vsphere_password - *terraform.NodeRootVariable
var.vsphere_server - *terraform.NodeRootVariable
var.vsphere_user - *terraform.NodeRootVariable
vsphere_virtual_machine.ubuntu_xenial - *terraform.NodeApplyableResource
  provider.vsphere - *terraform.NodeApplyableProvider
  var.datacenter - *terraform.NodeRootVariable
2017/05/20 22:40:31 [TRACE] Graph after step *terraform.CountBoundaryTransformer:

meta.count-boundary (count boundary fixup) - *terraform.NodeCountBoundary
  provider.vsphere - *terraform.NodeApplyableProvider
  var.datacenter - *terraform.NodeRootVariable
  var.vsphere_password - *terraform.NodeRootVariable
  var.vsphere_server - *terraform.NodeRootVariable
  var.vsphere_user - *terraform.NodeRootVariable
  vsphere_virtual_machine.ubuntu_xenial - *terraform.NodeApplyableResource
provider.vsphere - *terraform.NodeApplyableProvider
  var.vsphere_password - *terraform.NodeRootVariable
  var.vsphere_server - *terraform.NodeRootVariable
  var.vsphere_user - *terraform.NodeRootVariable
var.datacenter - *terraform.NodeRootVariable
var.vsphere_password - *terraform.NodeRootVariable
var.vsphere_server - *terraform.NodeRootVariable
var.vsphere_user - *terraform.NodeRootVariable
vsphere_virtual_machine.ubuntu_xenial - *terraform.NodeApplyableResource
  provider.vsphere - *terraform.NodeApplyableProvider
  var.datacenter - *terraform.NodeRootVariable
2017/05/20 22:40:31 [TRACE] Graph after step *terraform.TargetsTransformer:

meta.count-boundary (count boundary fixup) - *terraform.NodeCountBoundary
  provider.vsphere - *terraform.NodeApplyableProvider
  var.datacenter - *terraform.NodeRootVariable
  var.vsphere_password - *terraform.NodeRootVariable
  var.vsphere_server - *terraform.NodeRootVariable
  var.vsphere_user - *terraform.NodeRootVariable
  vsphere_virtual_machine.ubuntu_xenial - *terraform.NodeApplyableResource
provider.vsphere - *terraform.NodeApplyableProvider
  var.vsphere_password - *terraform.NodeRootVariable
  var.vsphere_server - *terraform.NodeRootVariable
  var.vsphere_user - *terraform.NodeRootVariable
var.datacenter - *terraform.NodeRootVariable
var.vsphere_password - *terraform.NodeRootVariable
var.vsphere_server - *terraform.NodeRootVariable
var.vsphere_user - *terraform.NodeRootVariable
vsphere_virtual_machine.ubuntu_xenial - *terraform.NodeApplyableResource
  provider.vsphere - *terraform.NodeApplyableProvider
  var.datacenter - *terraform.NodeRootVariable
2017/05/20 22:40:31 [TRACE] Graph after step *terraform.CloseProviderTransformer:

meta.count-boundary (count boundary fixup) - *terraform.NodeCountBoundary
  provider.vsphere - *terraform.NodeApplyableProvider
  var.datacenter - *terraform.NodeRootVariable
  var.vsphere_password - *terraform.NodeRootVariable
  var.vsphere_server - *terraform.NodeRootVariable
  var.vsphere_user - *terraform.NodeRootVariable
  vsphere_virtual_machine.ubuntu_xenial - *terraform.NodeApplyableResource
provider.vsphere - *terraform.NodeApplyableProvider
  var.vsphere_password - *terraform.NodeRootVariable
  var.vsphere_server - *terraform.NodeRootVariable
  var.vsphere_user - *terraform.NodeRootVariable
provider.vsphere (close) - *terraform.graphNodeCloseProvider
  provider.vsphere - *terraform.NodeApplyableProvider
  vsphere_virtual_machine.ubuntu_xenial - *terraform.NodeApplyableResource
var.datacenter - *terraform.NodeRootVariable
var.vsphere_password - *terraform.NodeRootVariable
var.vsphere_server - *terraform.NodeRootVariable
var.vsphere_user - *terraform.NodeRootVariable
vsphere_virtual_machine.ubuntu_xenial - *terraform.NodeApplyableResource
  provider.vsphere - *terraform.NodeApplyableProvider
  var.datacenter - *terraform.NodeRootVariable
2017/05/20 22:40:31 [TRACE] Graph after step *terraform.CloseProvisionerTransformer:

meta.count-boundary (count boundary fixup) - *terraform.NodeCountBoundary
  provider.vsphere - *terraform.NodeApplyableProvider
  var.datacenter - *terraform.NodeRootVariable
  var.vsphere_password - *terraform.NodeRootVariable
  var.vsphere_server - *terraform.NodeRootVariable
  var.vsphere_user - *terraform.NodeRootVariable
  vsphere_virtual_machine.ubuntu_xenial - *terraform.NodeApplyableResource
provider.vsphere - *terraform.NodeApplyableProvider
  var.vsphere_password - *terraform.NodeRootVariable
  var.vsphere_server - *terraform.NodeRootVariable
  var.vsphere_user - *terraform.NodeRootVariable
provider.vsphere (close) - *terraform.graphNodeCloseProvider
  provider.vsphere - *terraform.NodeApplyableProvider
  vsphere_virtual_machine.ubuntu_xenial - *terraform.NodeApplyableResource
var.datacenter - *terraform.NodeRootVariable
var.vsphere_password - *terraform.NodeRootVariable
var.vsphere_server - *terraform.NodeRootVariable
var.vsphere_user - *terraform.NodeRootVariable
vsphere_virtual_machine.ubuntu_xenial - *terraform.NodeApplyableResource
  provider.vsphere - *terraform.NodeApplyableProvider
  var.datacenter - *terraform.NodeRootVariable
2017/05/20 22:40:31 [TRACE] Graph after step *terraform.RootTransformer:

meta.count-boundary (count boundary fixup) - *terraform.NodeCountBoundary
  provider.vsphere - *terraform.NodeApplyableProvider
  var.datacenter - *terraform.NodeRootVariable
  var.vsphere_password - *terraform.NodeRootVariable
  var.vsphere_server - *terraform.NodeRootVariable
  var.vsphere_user - *terraform.NodeRootVariable
  vsphere_virtual_machine.ubuntu_xenial - *terraform.NodeApplyableResource
provider.vsphere - *terraform.NodeApplyableProvider
  var.vsphere_password - *terraform.NodeRootVariable
  var.vsphere_server - *terraform.NodeRootVariable
  var.vsphere_user - *terraform.NodeRootVariable
provider.vsphere (close) - *terraform.graphNodeCloseProvider
  provider.vsphere - *terraform.NodeApplyableProvider
  vsphere_virtual_machine.ubuntu_xenial - *terraform.NodeApplyableResource
root - terraform.graphNodeRoot
  meta.count-boundary (count boundary fixup) - *terraform.NodeCountBoundary
  provider.vsphere (close) - *terraform.graphNodeCloseProvider
var.datacenter - *terraform.NodeRootVariable
var.vsphere_password - *terraform.NodeRootVariable
var.vsphere_server - *terraform.NodeRootVariable
var.vsphere_user - *terraform.NodeRootVariable
vsphere_virtual_machine.ubuntu_xenial - *terraform.NodeApplyableResource
  provider.vsphere - *terraform.NodeApplyableProvider
  var.datacenter - *terraform.NodeRootVariable
2017/05/20 22:40:31 [TRACE] Graph after step *terraform.TransitiveReductionTransformer:

meta.count-boundary (count boundary fixup) - *terraform.NodeCountBoundary
  vsphere_virtual_machine.ubuntu_xenial - *terraform.NodeApplyableResource
provider.vsphere - *terraform.NodeApplyableProvider
  var.vsphere_password - *terraform.NodeRootVariable
  var.vsphere_server - *terraform.NodeRootVariable
  var.vsphere_user - *terraform.NodeRootVariable
provider.vsphere (close) - *terraform.graphNodeCloseProvider
  vsphere_virtual_machine.ubuntu_xenial - *terraform.NodeApplyableResource
root - terraform.graphNodeRoot
  meta.count-boundary (count boundary fixup) - *terraform.NodeCountBoundary
  provider.vsphere (close) - *terraform.graphNodeCloseProvider
var.datacenter - *terraform.NodeRootVariable
var.vsphere_password - *terraform.NodeRootVariable
var.vsphere_server - *terraform.NodeRootVariable
var.vsphere_user - *terraform.NodeRootVariable
vsphere_virtual_machine.ubuntu_xenial - *terraform.NodeApplyableResource
  provider.vsphere - *terraform.NodeApplyableProvider
  var.datacenter - *terraform.NodeRootVariable
2017/05/20 22:40:31 [DEBUG] Starting graph walk: walkApply
2017/05/20 22:40:31 [DEBUG] dag/walk: added new vertex: "var.vsphere_server"
2017/05/20 22:40:31 [DEBUG] dag/walk: added new vertex: "provider.vsphere (close)"
2017/05/20 22:40:31 [DEBUG] dag/walk: added new vertex: "provider.vsphere"
2017/05/20 22:40:31 [DEBUG] dag/walk: added new vertex: "var.datacenter"
2017/05/20 22:40:31 [DEBUG] dag/walk: added new vertex: "meta.count-boundary (count boundary fixup)"
2017/05/20 22:40:31 [DEBUG] dag/walk: added new vertex: "root"
2017/05/20 22:40:31 [DEBUG] dag/walk: added new vertex: "var.vsphere_user"
2017/05/20 22:40:31 [DEBUG] dag/walk: added new vertex: "var.vsphere_password"
2017/05/20 22:40:31 [DEBUG] dag/walk: added new vertex: "vsphere_virtual_machine.ubuntu_xenial"
2017/05/20 22:40:31 [DEBUG] dag/walk: added edge: "root" waiting on "meta.count-boundary (count boundary fixup)"
2017/05/20 22:40:31 [DEBUG] dag/walk: added edge: "root" waiting on "provider.vsphere (close)"
2017/05/20 22:40:31 [DEBUG] dag/walk: added edge: "vsphere_virtual_machine.ubuntu_xenial" waiting on "var.datacenter"
2017/05/20 22:40:31 [DEBUG] dag/walk: added edge: "provider.vsphere" waiting on "var.vsphere_server"
2017/05/20 22:40:31 [DEBUG] dag/walk: added edge: "vsphere_virtual_machine.ubuntu_xenial" waiting on "provider.vsphere"
2017/05/20 22:40:31 [DEBUG] dag/walk: added edge: "provider.vsphere" waiting on "var.vsphere_user"
2017/05/20 22:40:31 [DEBUG] dag/walk: added edge: "provider.vsphere" waiting on "var.vsphere_password"
2017/05/20 22:40:31 [DEBUG] dag/walk: added edge: "meta.count-boundary (count boundary fixup)" waiting on "vsphere_virtual_machine.ubuntu_xenial"
2017/05/20 22:40:31 [DEBUG] dag/walk: added edge: "provider.vsphere (close)" waiting on "vsphere_virtual_machine.ubuntu_xenial"
2017/05/20 22:40:31 [DEBUG] dag/walk: dependencies changed for "provider.vsphere (close)", sending new deps
2017/05/20 22:40:31 [DEBUG] dag/walk: dependencies changed for "root", sending new deps
2017/05/20 22:40:31 [DEBUG] dag/walk: dependencies changed for "vsphere_virtual_machine.ubuntu_xenial", sending new deps
2017/05/20 22:40:31 [DEBUG] dag/walk: dependencies changed for "provider.vsphere", sending new deps
2017/05/20 22:40:31 [DEBUG] dag/walk: dependencies changed for "meta.count-boundary (count boundary fixup)", sending new deps
2017/05/20 22:40:31 [DEBUG] dag/walk: walking "var.vsphere_password"
2017/05/20 22:40:31 [DEBUG] vertex 'root.var.vsphere_password': walking
2017/05/20 22:40:31 [DEBUG] dag/walk: walking "var.datacenter"
2017/05/20 22:40:31 [DEBUG] vertex 'root.var.datacenter': walking
2017/05/20 22:40:31 [DEBUG] dag/walk: walking "var.vsphere_server"
2017/05/20 22:40:31 [DEBUG] vertex 'root.var.vsphere_server': walking
2017/05/20 22:40:31 [DEBUG] dag/walk: walking "var.vsphere_user"
2017/05/20 22:40:31 [DEBUG] vertex 'root.var.vsphere_user': walking
2017/05/20 22:40:31 [DEBUG] dag/walk: walking "provider.vsphere"
2017/05/20 22:40:31 [DEBUG] vertex 'root.provider.vsphere': walking
2017/05/20 22:40:31 [DEBUG] vertex 'root.provider.vsphere': evaluating
2017/05/20 22:40:31 [TRACE] [walkApply] Entering eval tree: provider.vsphere
2017/05/20 22:40:31 [DEBUG] root: eval: *terraform.EvalSequence
2017/05/20 22:40:31 [DEBUG] root: eval: *terraform.EvalInitProvider
2017/05/20 22:40:31 [DEBUG] plugin: starting plugin: /Users/johan/.brew/Cellar/terraform/0.9.5/bin/terraform []string{"/Users/johan/.brew/Cellar/terraform/0.9.5/bin/terraform", "internal-plugin", "provider", "vsphere"}
2017/05/20 22:40:31 [DEBUG] plugin: waiting for RPC address for: /Users/johan/.brew/Cellar/terraform/0.9.5/bin/terraform
2017/05/20 22:40:31 [DEBUG] plugin: terraform: 2017/05/20 22:40:31 [INFO] Terraform version: 0.9.5
2017/05/20 22:40:31 [DEBUG] plugin: terraform: 2017/05/20 22:40:31 [INFO] Go runtime version: go1.8.1
2017/05/20 22:40:31 [DEBUG] plugin: terraform: 2017/05/20 22:40:31 [INFO] CLI args: []string{"/Users/johan/.brew/Cellar/terraform/0.9.5/bin/terraform", "internal-plugin", "provider", "vsphere"}
2017/05/20 22:40:31 [DEBUG] plugin: terraform: 2017/05/20 22:40:31 [DEBUG] Detected home directory from env var: /Users/johan
2017/05/20 22:40:31 [DEBUG] plugin: terraform: 2017/05/20 22:40:31 [DEBUG] Detected home directory from env var: /Users/johan
2017/05/20 22:40:31 [DEBUG] plugin: terraform: 2017/05/20 22:40:31 [DEBUG] Attempting to open CLI config file: /Users/johan/.terraformrc
2017/05/20 22:40:31 [DEBUG] plugin: terraform: 2017/05/20 22:40:31 [DEBUG] File doesn't exist, but doesn't need to. Ignoring.
2017/05/20 22:40:31 [DEBUG] plugin: terraform: 2017/05/20 22:40:31 [DEBUG] Detected home directory from env var: /Users/johan
2017/05/20 22:40:31 [DEBUG] plugin: terraform: 2017/05/20 22:40:31 [INFO] CLI command args: []string{"internal-plugin", "provider", "vsphere"}
2017/05/20 22:40:31 [DEBUG] plugin: terraform: vsphere-provider (internal) 2017/05/20 22:40:31 [INFO] Starting provider plugin vsphere
2017/05/20 22:40:31 [DEBUG] plugin: terraform: vsphere-provider (internal) 2017/05/20 22:40:31 [DEBUG] plugin: plugin address: unix /var/folders/2c/1qlhcpv95t19mrvynljtfhph0000gq/T/plugin912008813
2017/05/20 22:40:31 [DEBUG] root: eval: terraform.EvalNoop
2017/05/20 22:40:31 [DEBUG] root: eval: terraform.EvalNoop
2017/05/20 22:40:31 [DEBUG] root: eval: *terraform.EvalOpFilter
2017/05/20 22:40:31 [DEBUG] root: eval: *terraform.EvalSequence
2017/05/20 22:40:31 [DEBUG] root: eval: *terraform.EvalGetProvider
2017/05/20 22:40:31 [DEBUG] root: eval: *terraform.EvalInterpolate
2017/05/20 22:40:31 [DEBUG] root: eval: *terraform.EvalBuildProviderConfig
2017/05/20 22:40:31 [DEBUG] root: eval: *terraform.EvalSetProviderConfig
2017/05/20 22:40:31 [DEBUG] root: eval: *terraform.EvalOpFilter
2017/05/20 22:40:31 [DEBUG] root: eval: *terraform.EvalSequence
2017/05/20 22:40:31 [DEBUG] root: eval: *terraform.EvalConfigProvider
2017/05/20 22:40:31 [DEBUG] plugin: terraform: vsphere-provider (internal) 2017/05/20 22:40:31 [INFO] VMWare vSphere Client configured for URL: hydra.thuislab.ijohan.nl
2017/05/20 22:40:31 [TRACE] [walkApply] Exiting eval tree: provider.vsphere
2017/05/20 22:40:31 [DEBUG] dag/walk: walking "vsphere_virtual_machine.ubuntu_xenial"
2017/05/20 22:40:31 [DEBUG] vertex 'root.vsphere_virtual_machine.ubuntu_xenial': walking
2017/05/20 22:40:31 [DEBUG] vertex 'root.vsphere_virtual_machine.ubuntu_xenial': evaluating
2017/05/20 22:40:31 [TRACE] [walkApply] Entering eval tree: vsphere_virtual_machine.ubuntu_xenial
2017/05/20 22:40:31 [DEBUG] root: eval: *terraform.EvalSequence
2017/05/20 22:40:31 [DEBUG] root: eval: *terraform.EvalInstanceInfo
2017/05/20 22:40:31 [DEBUG] root: eval: *terraform.EvalReadDiff
2017/05/20 22:40:31 [DEBUG] root: eval: *terraform.EvalIf
2017/05/20 22:40:31 [DEBUG] root: eval: terraform.EvalNoop
2017/05/20 22:40:31 [DEBUG] root: eval: *terraform.EvalIf
2017/05/20 22:40:31 [DEBUG] root: eval: *terraform.EvalInterpolate
2017/05/20 22:40:31 [DEBUG] root: eval: *terraform.EvalGetProvider
2017/05/20 22:40:31 [DEBUG] root: eval: *terraform.EvalReadState
2017/05/20 22:40:31 [DEBUG] root: eval: *terraform.EvalValidateResource
2017/05/20 22:40:31 [DEBUG] root: eval: *terraform.EvalDiff
2017/05/20 22:40:31 [DEBUG] root: eval: *terraform.EvalReadDiff
2017/05/20 22:40:31 [DEBUG] root: eval: *terraform.EvalCompareDiff
2017/05/20 22:40:31 [DEBUG] root: eval: *terraform.EvalGetProvider
2017/05/20 22:40:31 [DEBUG] root: eval: *terraform.EvalReadState
2017/05/20 22:40:31 [DEBUG] root: eval: *terraform.EvalApplyPre
2017/05/20 22:40:31 [DEBUG] root: eval: *terraform.EvalApply
2017/05/20 22:40:31 [DEBUG] apply: vsphere_virtual_machine.ubuntu_xenial: executing Apply
2017/05/20 22:40:31 [DEBUG] plugin: terraform: vsphere-provider (internal) 2017/05/20 22:40:31 [DEBUG] No meta timeoutkey found in Apply()
2017/05/20 22:40:31 [DEBUG] plugin: terraform: vsphere-provider (internal) 2017/05/20 22:40:31 [DEBUG] network_interface init: [{ VM Network 10.20.30.40 24   0   }]
2017/05/20 22:40:31 [DEBUG] plugin: terraform: vsphere-provider (internal) 2017/05/20 22:40:31 [DEBUG] disk init: [{ 0 0 thin ubuntu_xenial.vmdk scsi true}]
2017/05/20 22:40:32 [DEBUG] plugin: terraform: vsphere-provider (internal) 2017/05/20 22:40:32 [DEBUG] resource pool: &object.ResourcePool{Common:object.Common{c:(*vim25.Client)(0xc420344780), r:types.ManagedObjectReference{Type:"ResourcePool", Value:"ha-root-pool"}}, InventoryPath:"/ha-datacenter/host/hydra.ijohan.nl/Resources"}
2017/05/20 22:40:32 [DEBUG] plugin: terraform: vsphere-provider (internal) 2017/05/20 22:40:32 [DEBUG] folder: ""
2017/05/20 22:40:32 [DEBUG] plugin: terraform: vsphere-provider (internal) 2017/05/20 22:40:32 [DEBUG] virtual machine config spec: {{}  ubuntu_xenial    [] []  0 0 <nil> <nil>   otherLinux64Guest   <nil> <nil> 0xc42058aaa0 <nil> <nil> 2 1 1024 <nil> <nil> <nil> <nil> <nil> [] <nil> 0xc42055c240 <nil> <nil> <nil> <nil> [] []  <nil> <nil> <nil> <nil> <nil> <nil> <nil>  0 <nil> <nil> <nil> <nil> <nil> <nil> [] <nil>}
2017/05/20 22:40:32 [DEBUG] plugin: terraform: vsphere-provider (internal) 2017/05/20 22:40:32 [DEBUG] virtual machine Extra Config spec start
2017/05/20 22:40:32 [DEBUG] plugin: terraform: vsphere-provider (internal) 2017/05/20 22:40:32 [DEBUG] datastore: &object.Datastore{Common:object.Common{c:(*vim25.Client)(0xc420344780), r:types.ManagedObjectReference{Type:"Datastore", Value:"59208f75-658f4a7f-3a47-00fd45fd1070"}}, InventoryPath:"/ha-datacenter/datastore/VM"}
2017/05/20 22:40:32 [DEBUG] plugin: terraform: vsphere-provider (internal) 2017/05/20 22:40:32 [DEBUG] network device: &{VirtualEthernetCard:{VirtualDevice:{DynamicData:{} Key:-1 DeviceInfo:<nil> Backing:0xc42055d020 Connectable:<nil> SlotInfo:<nil> ControllerKey:0 UnitNumber:<nil>} AddressType:generated MacAddress: WakeOnLanEnabled:<nil> ResourceAllocation:<nil> ExternalId: UptCompatibilityEnabled:<nil>}}
2017/05/20 22:40:32 [DEBUG] plugin: terraform: vsphere-provider (internal) 2017/05/20 22:40:32 [DEBUG] network devices: []types.BaseVirtualDeviceConfigSpec{(*types.VirtualDeviceConfigSpec)(0xc4201b47d0)}
2017/05/20 22:40:32 [DEBUG] plugin: terraform: vsphere-provider (internal) 2017/05/20 22:40:32 [DEBUG] network configs: []types.CustomizationAdapterMapping{}
2017/05/20 22:40:32 [DEBUG] plugin: terraform: vsphere-provider (internal) 2017/05/20 22:40:32 [DEBUG] datastore: "VM"
2017/05/20 22:40:32 [DEBUG] plugin: terraform: vsphere-provider (internal) 2017/05/20 22:40:32 [ERROR] ServerFaultCode: Current license or ESXi version prohibits execution of the requested operation.
2017/05/20 22:40:32 [DEBUG] plugin: terraform: panic: runtime error: invalid memory address or nil pointer dereference
2017/05/20 22:40:32 [DEBUG] plugin: terraform: [signal SIGSEGV: segmentation violation code=0x1 addr=0x0 pc=0x4a75797]
2017/05/20 22:40:32 [DEBUG] plugin: terraform: 
2017/05/20 22:40:32 [DEBUG] plugin: terraform: goroutine 28 [running]:
2017/05/20 22:40:32 [DEBUG] plugin: terraform: github.com/hashicorp/terraform/vendor/github.com/vmware/govmomi/object.(*Task).WaitForResult(0x0, 0x9c03000, 0xc420012478, 0x0, 0x0, 0x56bb820, 0x0, 0x9c03000)
2017/05/20 22:40:32 [DEBUG] plugin: terraform: 	/private/tmp/terraform-20170511-51692-992qlr/terraform-0.9.5/src/github.com/hashicorp/terraform/vendor/github.com/vmware/govmomi/object/task.go:50 +0x37
2017/05/20 22:40:32 [DEBUG] plugin: terraform: github.com/hashicorp/terraform/vendor/github.com/vmware/govmomi/object.(*Task).Wait(0x0, 0x9c03000, 0xc420012478, 0x9c03000, 0xc420012478)
2017/05/20 22:40:32 [DEBUG] plugin: terraform: 	/private/tmp/terraform-20170511-51692-992qlr/terraform-0.9.5/src/github.com/hashicorp/terraform/vendor/github.com/vmware/govmomi/object/task.go:45 +0x51
2017/05/20 22:40:32 [DEBUG] plugin: terraform: github.com/hashicorp/terraform/builtin/providers/vsphere.(*virtualMachine).setupVirtualMachine(0xc420790000, 0xc420436f90, 0x5, 0x4f8df60)
2017/05/20 22:40:32 [DEBUG] plugin: terraform: 	/private/tmp/terraform-20170511-51692-992qlr/terraform-0.9.5/src/github.com/hashicorp/terraform/builtin/providers/vsphere/resource_vsphere_virtual_machine.go:1918 +0x46d6
2017/05/20 22:40:32 [DEBUG] plugin: terraform: github.com/hashicorp/terraform/builtin/providers/vsphere.resourceVSphereVirtualMachineCreate(0xc4202d0620, 0x5c1fc80, 0xc420436f90, 0x0, 0x0)
2017/05/20 22:40:32 [DEBUG] plugin: terraform: 	/private/tmp/terraform-20170511-51692-992qlr/terraform-0.9.5/src/github.com/hashicorp/terraform/builtin/providers/vsphere/resource_vsphere_virtual_machine.go:900 +0x17f7
2017/05/20 22:40:32 [DEBUG] plugin: terraform: github.com/hashicorp/terraform/helper/schema.(*Resource).Apply(0xc4201d2c60, 0xc4200145a0, 0xc420450820, 0x5c1fc80, 0xc420436f90, 0x1, 0x28, 0xc420503140)
2017/05/20 22:40:32 [DEBUG] plugin: terraform: 	/private/tmp/terraform-20170511-51692-992qlr/terraform-0.9.5/src/github.com/hashicorp/terraform/helper/schema/resource.go:186 +0x48d
2017/05/20 22:40:32 [DEBUG] plugin: terraform: github.com/hashicorp/terraform/helper/schema.(*Provider).Apply(0xc4202c0c40, 0xc420014550, 0xc4200145a0, 0xc420450820, 0x9b5f4b0, 0x0, 0x0)
2017/05/20 22:40:32 [DEBUG] plugin: terraform: 	/private/tmp/terraform-20170511-51692-992qlr/terraform-0.9.5/src/github.com/hashicorp/terraform/helper/schema/provider.go:242 +0x9b
2017/05/20 22:40:32 [DEBUG] plugin: terraform: github.com/hashicorp/terraform/plugin.(*ResourceProviderServer).Apply(0xc4203dcb00, 0xc4205a7c40, 0xc420567c60, 0x0, 0x0)
2017/05/20 22:40:32 [DEBUG] plugin: terraform: 	/private/tmp/terraform-20170511-51692-992qlr/terraform-0.9.5/src/github.com/hashicorp/terraform/plugin/resource_provider.go:488 +0x57
2017/05/20 22:40:32 [DEBUG] plugin: terraform: reflect.Value.call(0xc4201d3140, 0xc4201ba228, 0x13, 0x5d0d314, 0x4, 0xc4205f1f20, 0x3, 0x3, 0x0, 0xc4203a3601, ...)
2017/05/20 22:40:32 [DEBUG] plugin: terraform: 	/usr/local/Cellar/go/1.8.1/libexec/src/reflect/value.go:434 +0x91f
2017/05/20 22:40:32 [DEBUG] plugin: terraform: reflect.Value.Call(0xc4201d3140, 0xc4201ba228, 0x13, 0xc4203a3720, 0x3, 0x3, 0xc4203a3768, 0x1208b43, 0xc4202c9c00)
2017/05/20 22:40:32 [DEBUG] plugin: terraform: 	/usr/local/Cellar/go/1.8.1/libexec/src/reflect/value.go:302 +0xa4
2017/05/20 22:40:32 [DEBUG] plugin: terraform: net/rpc.(*service).call(0xc420666880, 0xc420666840, 0xc4204c2d08, 0xc4205a2b00, 0xc420306fa0, 0x4e83fc0, 0xc4205a7c40, 0x16, 0x4e84000, 0xc420567c60, ...)
2017/05/20 22:40:32 [DEBUG] plugin: terraform: 	/usr/local/Cellar/go/1.8.1/libexec/src/net/rpc/server.go:387 +0x144
2017/05/20 22:40:32 [DEBUG] plugin: terraform: created by net/rpc.(*Server).ServeCodec
2017/05/20 22:40:32 [DEBUG] plugin: terraform: 	/usr/local/Cellar/go/1.8.1/libexec/src/net/rpc/server.go:481 +0x404
2017/05/20 22:40:32 [DEBUG] root: eval: *terraform.EvalWriteState
2017/05/20 22:40:32 [DEBUG] root: eval: *terraform.EvalApplyProvisioners
2017/05/20 22:40:32 [DEBUG] root: eval: *terraform.EvalIf
2017/05/20 22:40:32 [DEBUG] root: eval: *terraform.EvalWriteState
2017/05/20 22:40:32 [DEBUG] root: eval: *terraform.EvalWriteDiff
2017/05/20 22:40:32 [DEBUG] root: eval: *terraform.EvalApplyPost
2017/05/20 22:40:32 [ERROR] root: eval: *terraform.EvalApplyPost, err: 1 error(s) occurred:

* vsphere_virtual_machine.ubuntu_xenial: unexpected EOF
2017/05/20 22:40:32 [ERROR] root: eval: *terraform.EvalSequence, err: 1 error(s) occurred:

* vsphere_virtual_machine.ubuntu_xenial: unexpected EOF
2017/05/20 22:40:32 [TRACE] [walkApply] Exiting eval tree: vsphere_virtual_machine.ubuntu_xenial
2017/05/20 22:40:32 [DEBUG] dag/walk: upstream errored, not walking "provider.vsphere (close)"
2017/05/20 22:40:32 [DEBUG] dag/walk: upstream errored, not walking "meta.count-boundary (count boundary fixup)"
2017/05/20 22:40:32 [DEBUG] dag/walk: upstream errored, not walking "root"
2017/05/20 22:40:32 [DEBUG] plugin: /Users/johan/.brew/Cellar/terraform/0.9.5/bin/terraform: plugin process exited
2017/05/20 22:40:32 [TRACE] Preserving existing state lineage "182c4704-af42-4d01-984f-b1308754e0fb"
2017/05/20 22:40:32 [DEBUG] plugin: waiting for all plugin processes to complete...
2017/05/20 22:40:32 [WARN] plugin: error closing client during Kill: connection is shut down
